<?xml version="1.0" encoding="UTF-8"?>
<!-- Generated by org.testng.reporters.JUnitReportReporter -->
<testsuite skipped="0" hostname="NDI-LAP-840" name="autodemo.tests.loginpagetest" tests="1" failures="0" timestamp="2021-05-18T19:51:39 IST" time="11.060" errors="0">
  <testcase name="login" time="11.060" classname="autodemo.tests.loginpagetest"/>
</testsuite> <!-- autodemo.tests.loginpagetest -->
